2023-02-19 01:16:57 | INFO | WEB SOCKET CONNECTION | New client web socket connected vMY-fpflOv_uFG8-AAAN
2023-02-19 01:17:21 | INFO | QR CODE | New QR Code received
2023-02-19 01:17:41 | INFO | QR CODE | New QR Code received
2023-02-19 01:17:48 | INFO | WEB SOCKET CONNECTION | New client web socket connected gVV1Y-64B5yLQ-dzAAAB
2023-02-19 01:18:53 | INFO | WEB SOCKET CONNECTION | New client web socket connected Lr_vBj5druPpbI_wAAAB
2023-02-19 01:19:06 | INFO | QR CODE | New QR Code received
2023-02-19 01:19:30 | INFO | WEB SOCKET CONNECTION | New client web socket connected A5IdrKemqMYeHl4RAAAB
2023-02-19 01:19:31 | INFO | WEB SOCKET CONNECTION | New client web socket connected ufXA3J5HDCN3095uAAAD
2023-02-19 01:19:43 | INFO | WEB SOCKET CONNECTION | New client web socket connected OxQtRcK0Pqt0sU1oAAAB
2023-02-19 01:19:44 | INFO | WEB SOCKET CONNECTION | New client web socket connected -2cp6x5-4w9Q7YHYAAAD
2023-02-19 01:19:57 | INFO | QR CODE | New QR Code received
2023-02-19 01:20:21 | INFO | WEB SOCKET CONNECTION | New client web socket connected EQjX01rjTBrOKbloAAAB
2023-02-19 01:20:46 | INFO | WEB SOCKET CONNECTION | New client web socket connected RQ_JTQC0pzcaYnUnAAAB
2023-02-19 01:21:21 | INFO | WEB SOCKET CONNECTION | New client web socket connected pGhQ5gf6vju__G-bAAAB
2023-02-19 01:21:32 | INFO | WEB SOCKET CONNECTION | New client web socket connected EnXzWgi7b8et9OhoAAAB
2023-02-19 01:21:37 | INFO | WEB SOCKET CONNECTION | New client web socket connected 01ZLMqmmoZolQ7gsAAAD
2023-02-19 01:21:43 | INFO | QR CODE | New QR Code received
2023-02-27 05:42:20 | INFO | WEB SOCKET CONNECTION | New client web socket connected _fMh5REh0pw09E4eAAAB
2023-02-27 05:42:25 | INFO | WEB SOCKET CONNECTION | New client web socket connected MbFTc2DWrNmLXFwbAAAD
2023-02-27 05:42:36 | INFO | QR CODE | New QR Code received
2023-02-27 05:43:24 | INFO | WEB SOCKET CONNECTION | New client web socket connected PBKyo0jElBvKAh4LAAAB
2023-02-27 05:43:25 | INFO | QR CODE | New QR Code received
2023-02-27 05:46:34 | INFO | WEB SOCKET CONNECTION | New client web socket connected bDiIiN_vfkGaeiUxAAAB
2023-02-27 05:47:01 | INFO | WEB SOCKET CONNECTION | New client web socket connected rBVjinGttVSlxafwAAAD
2023-02-27 05:47:09 | INFO | QR CODE | New QR Code received
2023-02-27 05:49:01 | INFO | WEB SOCKET CONNECTION | New client web socket connected NdBFXwirCFEFD06hAAAB
2023-02-27 05:50:47 | INFO | WEB SOCKET CONNECTION | New client web socket connected oZh9ln-yf-RYQkDWAAAB
2023-02-27 05:50:50 | INFO | WEB SOCKET CONNECTION | New client web socket connected I2ePLO52wwtPjfp8AAAD
2023-02-27 05:50:51 | INFO | WEB SOCKET CONNECTION | New client web socket connected DknAhjgzFasMeoOhAAAF
2023-02-27 05:51:02 | INFO | QR CODE | New QR Code received
2023-02-27 05:51:48 | INFO | WA SESSION | WhatsApp is authenticated!
2023-02-27 05:51:51 | INFO | WA SESSION | Connected to WhatsApp
2023-02-27 05:55:04 | INFO | WEB SOCKET CONNECTION | New client web socket connected mI6DcsCBPWATAFb2AAAB
2023-02-27 05:55:27 | INFO | WA SESSION | WhatsApp is authenticated!
2023-02-27 05:55:27 | INFO | WA SESSION | Connected to WhatsApp
2023-02-27 06:36:07 | INFO | WA SESSION | WhatsApp is authenticated!
2023-02-27 06:36:08 | INFO | WA SESSION | Connected to WhatsApp
2023-02-27 06:37:31 | INFO | WA SESSION | WhatsApp is authenticated!
2023-02-27 06:37:32 | INFO | WA SESSION | Connected to WhatsApp
2023-02-27 06:37:56 | INFO | WA SESSION | WhatsApp is authenticated!
2023-02-27 06:37:57 | INFO | WA SESSION | Connected to WhatsApp
2023-02-27 06:38:20 | INFO | WEB SOCKET CONNECTION | New client web socket connected dtZpAZXboTgdq3XhAAAC
2023-02-27 06:38:28 | INFO | WEB SOCKET CONNECTION | New client web socket connected oeapPNR52DAEoe_DAAAE
2023-02-27 06:38:37 | INFO | WA SESSION | WhatsApp is authenticated!
2023-02-27 06:38:38 | INFO | WA SESSION | Connected to WhatsApp
2023-02-27 06:38:40 | INFO | WEB SOCKET CONNECTION | New client web socket connected WMuS8R-s-i1mEVYJAAAG
2023-02-27 06:38:45 | INFO | WEB SOCKET CONNECTION | New client web socket connected 3AFqLnHp0gLER3NZAAAB
2023-02-27 06:38:51 | INFO | WEB SOCKET CONNECTION | New client web socket connected WpLfPgV_P1FhuLEWAAAD
2023-02-27 06:39:05 | INFO | WEB SOCKET CONNECTION | New client web socket connected wJ6eNiclUoJLSUXlAAAB
2023-02-27 06:39:21 | INFO | QR CODE | New QR Code received
2023-02-27 06:39:43 | INFO | WEB SOCKET CONNECTION | New client web socket connected 6UhC4F_63o6fG9HHAAAB
2023-02-27 06:39:54 | INFO | WEB SOCKET CONNECTION | New client web socket connected K17GlefOgP-mVbEtAAAD
2023-02-27 06:39:59 | INFO | QR CODE | New QR Code received
